<?xml version="1.0" encoding="UTF-8"?>
<testsuite name="org.tron.keystore.StringUtilsTest" tests="7" skipped="0" failures="0" errors="0" timestamp="2018-07-09T09:04:54" hostname="DESKTOP-KVSOA85" time="0.007">
  <properties/>
  <testcase name="byte2Char" classname="org.tron.keystore.StringUtilsTest" time="0.002"/>
  <testcase name="isCharEqual" classname="org.tron.keystore.StringUtilsTest" time="0.0"/>
  <testcase name="isContains" classname="org.tron.keystore.StringUtilsTest" time="0.003"/>
  <testcase name="clear1" classname="org.tron.keystore.StringUtilsTest" time="0.0"/>
  <testcase name="clear" classname="org.tron.keystore.StringUtilsTest" time="0.0"/>
  <testcase name="char2Byte" classname="org.tron.keystore.StringUtilsTest" time="0.001"/>
  <testcase name="isNumeric" classname="org.tron.keystore.StringUtilsTest" time="0.0"/>
  <system-out><![CDATA[]]></system-out>
  <system-err><![CDATA[]]></system-err>
</testsuite>
